Estimated standard deviation posterior parameters:
advtheta:
1.730998519437628e-05
advq:
4.4150004130847714e-08
advCO2:
0.0005204442018917233
deltatheta:
0.48629406437218725
gammatheta:
0.0006104114709470081
deltaq:
0.0005591159665631706
gammaq:
1.8409213886078235e-06
deltaCO2:
7.004608311343124
gammaCO2:
0.020395399759525527
sca_sto:
0.06402175420024366
alpha:
0.0014013093880843863
FracH:
0.0390657250626869
wg:
0.06673061009520923
R10:
0.034597266318363906
Nr of mems used for subsample colored_corr_matr:
75
Mean abs value of change when using subsample colored_corr_matr:
0.050203428470993926

JOB STATISTICS
==============
Job ID: 286643
Cluster: snellius
User/Group: pbosman/pbosman
State: RUNNING
Nodes: 1
Cores per node: 32
CPU Utilized: 00:00:00
CPU Efficiency: 0.000f 00:06:56 core-walltime
Job Wall-clock time: 00:00:13
Memory Utilized: 0.00 MB (estimated maximum)
Memory Efficiency: 0.000f 58.59 GB (1.83 GB/core)
WARNING: Efficiency statistics may be misleading for RUNNING jobs.
